<?xml version="1.0" encoding="UTF-8"?>
<!-- Generated by org.testng.reporters.JUnitXMLReporter -->
<testsuite ignored="1" hostname="Rameshs-MacBook-Air.local" failures="0" tests="1" name="ErrorValidations" time="29.019" errors="0" timestamp="2025-03-06T19:30:39 EST">
  <testcase classname="RameshSwarnkarAutomation.TestCases.ErrorValidationsTest" name="loginErrorValidations" time="8.857"/>
  <testcase classname="RameshSwarnkarAutomation.TestCases.ErrorValidationsTest" name="secondErrorValidation" time="0.0">
    <ignored/>
  </testcase> <!-- secondErrorValidation -->
</testsuite> <!-- ErrorValidations -->
