<?xml version="1.0" encoding="UTF-8"?>
<testng-results ignored="3" total="4" passed="1" failed="0" skipped="0">
  <reporter-output>
  </reporter-output>
  <suite started-at="2025-03-06T19:30:08 EST" name="Suite" finished-at="2025-03-06T19:30:39 EST" duration-ms="30216">
    <groups>
      <group name="Error handling">
        <method signature="ErrorValidationsTest.loginErrorValidations()[pri:0, instance:RameshSwarnkarAutomation.TestCases.ErrorValidationsTest@43599640]" name="loginErrorValidations" class="RameshSwarnkarAutomation.TestCases.ErrorValidationsTest"/>
      </group> <!-- Error handling -->
    </groups>
    <test started-at="2025-03-06T19:30:08 EST" name="E2EFunctinalValidation" finished-at="2025-03-06T19:30:09 EST" duration-ms="33">
    </test> <!-- E2EFunctinalValidation -->
    <test started-at="2025-03-06T19:30:10 EST" name="ErrorValidations" finished-at="2025-03-06T19:30:39 EST" duration-ms="29019">
      <class name="RameshSwarnkarAutomation.TestCases.ErrorValidationsTest">
        <test-method is-config="true" signature="launchApplication()[pri:0, instance:RameshSwarnkarAutomation.TestCases.ErrorValidationsTest@43599640]" started-at="2025-03-06T19:30:10 EST" name="launchApplication" finished-at="2025-03-06T19:30:29 EST" duration-ms="19010" status="PASS">
          <reporter-output>
          </reporter-output>
        </test-method> <!-- launchApplication -->
        <test-method signature="loginErrorValidations()[pri:0, instance:RameshSwarnkarAutomation.TestCases.ErrorValidationsTest@43599640]" started-at="2025-03-06T19:30:29 EST" name="loginErrorValidations" finished-at="2025-03-06T19:30:38 EST" duration-ms="8857" status="PASS">
          <reporter-output>
          </reporter-output>
        </test-method> <!-- loginErrorValidations -->
        <test-method is-config="true" signature="tearDown()[pri:0, instance:RameshSwarnkarAutomation.TestCases.ErrorValidationsTest@43599640]" started-at="2025-03-06T19:30:38 EST" name="tearDown" finished-at="2025-03-06T19:30:39 EST" duration-ms="388" status="PASS">
          <reporter-output>
          </reporter-output>
        </test-method> <!-- tearDown -->
      </class> <!-- RameshSwarnkarAutomation.TestCases.ErrorValidationsTest -->
    </test> <!-- ErrorValidations -->
  </suite> <!-- Suite -->
</testng-results>
